<?xml version="1.0" encoding="UTF-8"?>
<testsuite xmlns:xsi="http://www.w3.org/2001/XMLSchema-instance" xsi:noNamespaceSchemaLocation="https://maven.apache.org/surefire/maven-surefire-plugin/xsd/surefire-test-report.xsd" name="org.SubscripcionTest" time="0.1" tests="4" errors="0" skipped="0" failures="0">
  <properties>
[...]
</properties>
  <testcase name="testprecioPorMes" classname="org.SubscripcionTest" time="0.066"/>
  <testcase name="testperiodo0" classname="org.SubscripcionTest" time="0"/>
  <testcase name="testprecioPorMes2" classname="org.SubscripcionTest" time="0.001"/>
  <testcase name="testprecio0" classname="org.SubscripcionTest" time="0.001"/>
</testsuite>